# JRE version: Java(TM) SE Runtime Environment (7.0_75-b13) (build 1.7.0_75-b13)
# Java VM: Java HotSpot(TM) 64-Bit Server VM (24.75-b04 mixed mode windows-amd64 compressed oops)
Heap
 PSYoungGen      total 153088K, used 136771K [0x00000000eaa80000, 0x00000000f6600000, 0x0000000100000000)
  eden space 115200K, 100% used [0x00000000eaa80000,0x00000000f1b00000,0x00000000f1b00000)
  from space 37888K, 56% used [0x00000000f4100000,0x00000000f5610f78,0x00000000f6600000)
  to   space 38400K, 26% used [0x00000000f1b00000,0x00000000f2515be8,0x00000000f4080000)
 ParOldGen       total 114688K, used 82878K [0x00000000c0000000, 0x00000000c7000000, 0x00000000eaa80000)
  object space 114688K, 72% used [0x00000000c0000000,0x00000000c50ef818,0x00000000c7000000)
 PSPermGen       total 21504K, used 5505K [0x00000000bae00000, 0x00000000bc300000, 0x00000000c0000000)
  object space 21504K, 25% used [0x00000000bae00000,0x00000000bb360720,0x00000000bc300000)
GC Heap History (10 events):
Event: 13.629 GC heap before
{Heap before GC invocations=9 (full 1):
 PSYoungGen      total 97792K, used 97776K [0x00000000eaa80000, 0x00000000f6880000, 0x0000000100000000)
  eden space 65024K, 100% used [0x00000000eaa80000,0x00000000eea00000,0x00000000eea00000)
  from space 32768K, 99% used [0x00000000eea00000,0x00000000f09fc1a0,0x00000000f0a00000)
  to   space 40448K, 0% used [0x00000000f4100000,0x00000000f4100000,0x00000000f6880000)
 ParOldGen       total 95744K, used 73839K [0x00000000c0000000, 0x00000000c5d80000, 0x00000000eaa80000)
  object space 95744K, 77% used [0x00000000c0000000,0x00000000c481beb0,0x00000000c5d80000)
 PSPermGen       total 21504K, used 5481K [0x00000000bae00000, 0x00000000bc300000, 0x00000000c0000000)
  object space 21504K, 25% used [0x00000000bae00000,0x00000000bb35a7c0,0x00000000bc300000)
Event: 13.933 GC heap after
Heap after GC invocations=9 (full 1):
 PSYoungGen      total 97792K, used 97776K [0x00000000eaa80000, 0x00000000f6880000, 0x0000000100000000)
  eden space 65024K, 100% used [0x00000000eaa80000,0x00000000eea00000,0x00000000eea00000)
  from space 32768K, 99% used [0x00000000eea00000,0x00000000f09fc1a0,0x00000000f0a00000)
  to   space 40448K, 99% used [0x00000000f4100000,0x00000000f687c558,0x00000000f6880000)
 ParOldGen       total 101376K, used 100871K [0x00000000c0000000, 0x00000000c6300000, 0x00000000eaa80000)
  object space 101376K, 99% used [0x00000000c0000000,0x00000000c6281eb0,0x00000000c6300000)
 PSPermGen       total 21504K, used 5481K [0x00000000bae00000, 0x00000000bc300000, 0x00000000c0000000)
  object space 21504K, 25% used [0x00000000bae00000,0x00000000bb35a7c0,0x00000000bc300000)
}
Event: 13.933 GC heap before
{Heap before GC invocations=10 (full 2):
 PSYoungGen      total 97792K, used 97776K [0x00000000eaa80000, 0x00000000f6880000, 0x0000000100000000)
  eden space 65024K, 100% used [0x00000000eaa80000,0x00000000eea00000,0x00000000eea00000)
  from space 32768K, 99% used [0x00000000eea00000,0x00000000f09fc1a0,0x00000000f0a00000)
  to   space 40448K, 99% used [0x00000000f4100000,0x00000000f687c558,0x00000000f6880000)
 ParOldGen       total 101376K, used 100871K [0x00000000c0000000, 0x00000000c6300000, 0x00000000eaa80000)
  object space 101376K, 99% used [0x00000000c0000000,0x00000000c6281eb0,0x00000000c6300000)
 PSPermGen       total 21504K, used 5481K [0x00000000bae00000, 0x00000000bc300000, 0x00000000c0000000)
  object space 21504K, 25% used [0x00000000bae00000,0x00000000bb35a7c0,0x00000000bc300000)
Event: 14.320 GC heap after
Heap after GC invocations=10 (full 2):
 PSYoungGen      total 97792K, used 0K [0x00000000eaa80000, 0x00000000f6880000, 0x0000000100000000)
  eden space 65024K, 0% used [0x00000000eaa80000,0x00000000eaa80000,0x00000000eea00000)
  from space 32768K, 0% used [0x00000000eea00000,0x00000000eea00000,0x00000000f0a00000)
  to   space 40448K, 0% used [0x00000000f4100000,0x00000000f4100000,0x00000000f6880000)
 ParOldGen       total 114688K, used 55556K [0x00000000c0000000, 0x00000000c7000000, 0x00000000eaa80000)
  object space 114688K, 48% used [0x00000000c0000000,0x00000000c3641030,0x00000000c7000000)
 PSPermGen       total 21504K, used 5480K [0x00000000bae00000, 0x00000000bc300000, 0x00000000c0000000)
  object space 21504K, 25% used [0x00000000bae00000,0x00000000bb35a160,0x00000000bc300000)
}
Event: 15.815 GC heap before
{Heap before GC invocations=11 (full 2):
 PSYoungGen      total 97792K, used 65024K [0x00000000eaa80000, 0x00000000f6880000, 0x0000000100000000)
  eden space 65024K, 100% used [0x00000000eaa80000,0x00000000eea00000,0x00000000eea00000)
  from space 32768K, 0% used [0x00000000eea00000,0x00000000eea00000,0x00000000f0a00000)
  to   space 40448K, 0% used [0x00000000f4100000,0x00000000f4100000,0x00000000f6880000)
 ParOldGen       total 114688K, used 55556K [0x00000000c0000000, 0x00000000c7000000, 0x00000000eaa80000)
  object space 114688K, 48% used [0x00000000c0000000,0x00000000c3641030,0x00000000c7000000)
 PSPermGen       total 21504K, used 5502K [0x00000000bae00000, 0x00000000bc300000, 0x00000000c0000000)
  object space 21504K, 25% used [0x00000000bae00000,0x00000000bb35f828,0x00000000bc300000)
Event: 15.892 GC heap after
Heap after GC invocations=11 (full 2):
 PSYoungGen      total 153088K, used 20813K [0x00000000eaa80000, 0x00000000f6600000, 0x0000000100000000)
  eden space 115200K, 0% used [0x00000000eaa80000,0x00000000eaa80000,0x00000000f1b00000)
  from space 37888K, 54% used [0x00000000f4100000,0x00000000f55535f0,0x00000000f6600000)
  to   space 38400K, 0% used [0x00000000f1b00000,0x00000000f1b00000,0x00000000f4080000)
 ParOldGen       total 114688K, used 55556K [0x00000000c0000000, 0x00000000c7000000, 0x00000000eaa80000)
  object space 114688K, 48% used [0x00000000c0000000,0x00000000c3641030,0x00000000c7000000)
 PSPermGen       total 21504K, used 5502K [0x00000000bae00000, 0x00000000bc300000, 0x00000000c0000000)
  object space 21504K, 25% used [0x00000000bae00000,0x00000000bb35f828,0x00000000bc300000)
}
Event: 19.705 GC heap before
{Heap before GC invocations=12 (full 2):
 PSYoungGen      total 153088K, used 136013K [0x00000000eaa80000, 0x00000000f6600000, 0x0000000100000000)
  eden space 115200K, 100% used [0x00000000eaa80000,0x00000000f1b00000,0x00000000f1b00000)
  from space 37888K, 54% used [0x00000000f4100000,0x00000000f55535f0,0x00000000f6600000)
  to   space 38400K, 0% used [0x00000000f1b00000,0x00000000f1b00000,0x00000000f4080000)
 ParOldGen       total 114688K, used 55556K [0x00000000c0000000, 0x00000000c7000000, 0x00000000eaa80000)
  object space 114688K, 48% used [0x00000000c0000000,0x00000000c3641030,0x00000000c7000000)
 PSPermGen       total 21504K, used 5503K [0x00000000bae00000, 0x00000000bc300000, 0x00000000c0000000)
  object space 21504K, 25% used [0x00000000bae00000,0x00000000bb35fc20,0x00000000bc300000)
Event: 19.863 GC heap after
Heap after GC invocations=12 (full 2):
 PSYoungGen      total 153600K, used 27797K [0x00000000eaa80000, 0x00000000f6600000, 0x0000000100000000)
  eden space 115200K, 0% used [0x00000000eaa80000,0x00000000eaa80000,0x00000000f1b00000)
  from space 38400K, 72% used [0x00000000f1b00000,0x00000000f36256c0,0x00000000f4080000)
  to   space 37888K, 0% used [0x00000000f4100000,0x00000000f4100000,0x00000000f6600000)
 ParOldGen       total 114688K, used 55564K [0x00000000c0000000, 0x00000000c7000000, 0x00000000eaa80000)
  object space 114688K, 48% used [0x00000000c0000000,0x00000000c3643030,0x00000000c7000000)
 PSPermGen       total 21504K, used 5503K [0x00000000bae00000, 0x00000000bc300000, 0x00000000c0000000)
  object space 21504K, 25% used [0x00000000bae00000,0x00000000bb35fc20,0x00000000bc300000)
}
Event: 24.340 GC heap before
{Heap before GC invocations=13 (full 2):
 PSYoungGen      total 153600K, used 142997K [0x00000000eaa80000, 0x00000000f6600000, 0x0000000100000000)
  eden space 115200K, 100% used [0x00000000eaa80000,0x00000000f1b00000,0x00000000f1b00000)
  from space 38400K, 72% used [0x00000000f1b00000,0x00000000f36256c0,0x00000000f4080000)
  to   space 37888K, 0% used [0x00000000f4100000,0x00000000f4100000,0x00000000f6600000)
 ParOldGen       total 114688K, used 55564K [0x00000000c0000000, 0x00000000c7000000, 0x00000000eaa80000)
  object space 114688K, 48% used [0x00000000c0000000,0x00000000c3643030,0x00000000c7000000)
 PSPermGen       total 21504K, used 5503K [0x00000000bae00000, 0x00000000bc300000, 0x00000000c0000000)
  object space 21504K, 25% used [0x00000000bae00000,0x00000000bb35ff88,0x00000000bc300000)
Event: 24.518 GC heap after
Heap after GC invocations=13 (full 2):
 PSYoungGen      total 153088K, used 21571K [0x00000000eaa80000, 0x00000000f6600000, 0x0000000100000000)
  eden space 115200K, 0% used [0x00000000eaa80000,0x00000000eaa80000,0x00000000f1b00000)
  from space 37888K, 56% used [0x00000000f4100000,0x00000000f5610f78,0x00000000f6600000)
  to   space 38400K, 0% used [0x00000000f1b00000,0x00000000f1b00000,0x00000000f4080000)
 ParOldGen       total 114688K, used 67803K [0x00000000c0000000, 0x00000000c7000000, 0x00000000eaa80000)
  object space 114688K, 59% used [0x00000000c0000000,0x00000000c4236ed8,0x00000000c7000000)
 PSPermGen       total 21504K, used 5503K [0x00000000bae00000, 0x00000000bc300000, 0x00000000c0000000)
  object space 21504K, 25% used [0x00000000bae00000,0x00000000bb35ff88,0x00000000bc300000)
}

