# JRE version: Java(TM) SE Runtime Environment (7.0_75-b13) (build 1.7.0_75-b13)
# Java VM: Java HotSpot(TM) 64-Bit Server VM (24.75-b04 mixed mode windows-amd64 compressed oops)
Heap
 PSYoungGen      total 218624K, used 80464K [0x00000000eaa80000, 0x00000000fcd00000, 0x0000000100000000)
  eden space 151040K, 20% used [0x00000000eaa80000,0x00000000ec83ad80,0x00000000f3e00000)
  from space 67584K, 74% used [0x00000000f8380000,0x00000000fb459558,0x00000000fc580000)
  to   space 71168K, 0% used [0x00000000f3e00000,0x00000000f3e00000,0x00000000f8380000)
 ParOldGen       total 127488K, used 75315K [0x00000000c0000000, 0x00000000c7c80000, 0x00000000eaa80000)
  object space 127488K, 59% used [0x00000000c0000000,0x00000000c498cd50,0x00000000c7c80000)
 PSPermGen       total 21504K, used 5508K [0x00000000bae00000, 0x00000000bc300000, 0x00000000c0000000)
  object space 21504K, 25% used [0x00000000bae00000,0x00000000bb3610a8,0x00000000bc300000)
GC Heap History (10 events):
Event: 12.920 GC heap before
{Heap before GC invocations=10 (full 2):
 PSYoungGen      total 122880K, used 38382K [0x00000000eaa80000, 0x00000000f8280000, 0x0000000100000000)
  eden space 84480K, 0% used [0x00000000eaa80000,0x00000000eaa80000,0x00000000efd00000)
  from space 38400K, 99% used [0x00000000f3680000,0x00000000f5bfba38,0x00000000f5c00000)
  to   space 58880K, 0% used [0x00000000efd00000,0x00000000efd00000,0x00000000f3680000)
 ParOldGen       total 102400K, used 102372K [0x00000000c0000000, 0x00000000c6400000, 0x00000000eaa80000)
  object space 102400K, 99% used [0x00000000c0000000,0x00000000c63f93f8,0x00000000c6400000)
 PSPermGen       total 21504K, used 5484K [0x00000000bae00000, 0x00000000bc300000, 0x00000000c0000000)
  object space 21504K, 25% used [0x00000000bae00000,0x00000000bb35b160,0x00000000bc300000)
Event: 13.272 GC heap after
Heap after GC invocations=10 (full 2):
 PSYoungGen      total 122880K, used 0K [0x00000000eaa80000, 0x00000000f8280000, 0x0000000100000000)
  eden space 84480K, 0% used [0x00000000eaa80000,0x00000000eaa80000,0x00000000efd00000)
  from space 38400K, 0% used [0x00000000f3680000,0x00000000f3680000,0x00000000f5c00000)
  to   space 58880K, 0% used [0x00000000efd00000,0x00000000efd00000,0x00000000f3680000)
 ParOldGen       total 127488K, used 55556K [0x00000000c0000000, 0x00000000c7c80000, 0x00000000eaa80000)
  object space 127488K, 43% used [0x00000000c0000000,0x00000000c36411a0,0x00000000c7c80000)
 PSPermGen       total 21504K, used 5482K [0x00000000bae00000, 0x00000000bc300000, 0x00000000c0000000)
  object space 21504K, 25% used [0x00000000bae00000,0x00000000bb35ab20,0x00000000bc300000)
}
Event: 15.458 GC heap before
{Heap before GC invocations=11 (full 2):
 PSYoungGen      total 122880K, used 84480K [0x00000000eaa80000, 0x00000000f8280000, 0x0000000100000000)
  eden space 84480K, 100% used [0x00000000eaa80000,0x00000000efd00000,0x00000000efd00000)
  from space 38400K, 0% used [0x00000000f3680000,0x00000000f3680000,0x00000000f5c00000)
  to   space 58880K, 0% used [0x00000000efd00000,0x00000000efd00000,0x00000000f3680000)
 ParOldGen       total 127488K, used 55556K [0x00000000c0000000, 0x00000000c7c80000, 0x00000000eaa80000)
  object space 127488K, 43% used [0x00000000c0000000,0x00000000c36411a0,0x00000000c7c80000)
 PSPermGen       total 21504K, used 5503K [0x00000000bae00000, 0x00000000bc300000, 0x00000000c0000000)
  object space 21504K, 25% used [0x00000000bae00000,0x00000000bb35ffa8,0x00000000bc300000)
Event: 15.576 GC heap after
Heap after GC invocations=11 (full 2):
 PSYoungGen      total 143360K, used 28916K [0x00000000eaa80000, 0x00000000f8c80000, 0x0000000100000000)
  eden space 84480K, 0% used [0x00000000eaa80000,0x00000000eaa80000,0x00000000efd00000)
  from space 58880K, 49% used [0x00000000efd00000,0x00000000f193d0c8,0x00000000f3680000)
  to   space 56320K, 0% used [0x00000000f5580000,0x00000000f5580000,0x00000000f8c80000)
 ParOldGen       total 127488K, used 55556K [0x00000000c0000000, 0x00000000c7c80000, 0x00000000eaa80000)
  object space 127488K, 43% used [0x00000000c0000000,0x00000000c36411a0,0x00000000c7c80000)
 PSPermGen       total 21504K, used 5503K [0x00000000bae00000, 0x00000000bc300000, 0x00000000c0000000)
  object space 21504K, 25% used [0x00000000bae00000,0x00000000bb35ffa8,0x00000000bc300000)
}
Event: 16.584 GC heap before
{Heap before GC invocations=12 (full 2):
 PSYoungGen      total 143360K, used 113396K [0x00000000eaa80000, 0x00000000f8c80000, 0x0000000100000000)
  eden space 84480K, 100% used [0x00000000eaa80000,0x00000000efd00000,0x00000000efd00000)
  from space 58880K, 49% used [0x00000000efd00000,0x00000000f193d0c8,0x00000000f3680000)
  to   space 56320K, 0% used [0x00000000f5580000,0x00000000f5580000,0x00000000f8c80000)
 ParOldGen       total 127488K, used 55556K [0x00000000c0000000, 0x00000000c7c80000, 0x00000000eaa80000)
  object space 127488K, 43% used [0x00000000c0000000,0x00000000c36411a0,0x00000000c7c80000)
 PSPermGen       total 21504K, used 5503K [0x00000000bae00000, 0x00000000bc300000, 0x00000000c0000000)
  object space 21504K, 25% used [0x00000000bae00000,0x00000000bb35ffa8,0x00000000bc300000)
Event: 16.700 GC heap after
Heap after GC invocations=12 (full 2):
 PSYoungGen      total 167424K, used 55104K [0x00000000eaa80000, 0x00000000f9b00000, 0x0000000100000000)
  eden space 111104K, 0% used [0x00000000eaa80000,0x00000000eaa80000,0x00000000f1700000)
  from space 56320K, 97% used [0x00000000f5580000,0x00000000f8b50078,0x00000000f8c80000)
  to   space 64000K, 0% used [0x00000000f1700000,0x00000000f1700000,0x00000000f5580000)
 ParOldGen       total 127488K, used 55556K [0x00000000c0000000, 0x00000000c7c80000, 0x00000000eaa80000)
  object space 127488K, 43% used [0x00000000c0000000,0x00000000c36411a0,0x00000000c7c80000)
 PSPermGen       total 21504K, used 5503K [0x00000000bae00000, 0x00000000bc300000, 0x00000000c0000000)
  object space 21504K, 25% used [0x00000000bae00000,0x00000000bb35ffa8,0x00000000bc300000)
}
Event: 18.072 GC heap before
{Heap before GC invocations=13 (full 2):
 PSYoungGen      total 167424K, used 166208K [0x00000000eaa80000, 0x00000000f9b00000, 0x0000000100000000)
  eden space 111104K, 100% used [0x00000000eaa80000,0x00000000f1700000,0x00000000f1700000)
  from space 56320K, 97% used [0x00000000f5580000,0x00000000f8b50078,0x00000000f8c80000)
  to   space 64000K, 0% used [0x00000000f1700000,0x00000000f1700000,0x00000000f5580000)
 ParOldGen       total 127488K, used 55556K [0x00000000c0000000, 0x00000000c7c80000, 0x00000000eaa80000)
  object space 127488K, 43% used [0x00000000c0000000,0x00000000c36411a0,0x00000000c7c80000)
 PSPermGen       total 21504K, used 5504K [0x00000000bae00000, 0x00000000bc300000, 0x00000000c0000000)
  object space 21504K, 25% used [0x00000000bae00000,0x00000000bb3602f0,0x00000000bc300000)
Event: 18.195 GC heap after
Heap after GC invocations=13 (full 2):
 PSYoungGen      total 175104K, used 49057K [0x00000000eaa80000, 0x00000000fc580000, 0x0000000100000000)
  eden space 111104K, 0% used [0x00000000eaa80000,0x00000000eaa80000,0x00000000f1700000)
  from space 64000K, 76% used [0x00000000f1700000,0x00000000f46e8678,0x00000000f5580000)
  to   space 67584K, 0% used [0x00000000f8380000,0x00000000f8380000,0x00000000fc580000)
 ParOldGen       total 127488K, used 68617K [0x00000000c0000000, 0x00000000c7c80000, 0x00000000eaa80000)
  object space 127488K, 53% used [0x00000000c0000000,0x00000000c4302640,0x00000000c7c80000)
 PSPermGen       total 21504K, used 5504K [0x00000000bae00000, 0x00000000bc300000, 0x00000000c0000000)
  object space 21504K, 25% used [0x00000000bae00000,0x00000000bb3602f0,0x00000000bc300000)
}
Event: 20.596 GC heap before
{Heap before GC invocations=14 (full 2):
 PSYoungGen      total 175104K, used 160161K [0x00000000eaa80000, 0x00000000fc580000, 0x0000000100000000)
  eden space 111104K, 100% used [0x00000000eaa80000,0x00000000f1700000,0x00000000f1700000)
  from space 64000K, 76% used [0x00000000f1700000,0x00000000f46e8678,0x00000000f5580000)
  to   space 67584K, 0% used [0x00000000f8380000,0x00000000f8380000,0x00000000fc580000)
 ParOldGen       total 127488K, used 68617K [0x00000000c0000000, 0x00000000c7c80000, 0x00000000eaa80000)
  object space 127488K, 53% used [0x00000000c0000000,0x00000000c4302640,0x00000000c7c80000)
 PSPermGen       total 21504K, used 5505K [0x00000000bae00000, 0x00000000bc300000, 0x00000000c0000000)
  object space 21504K, 25% used [0x00000000bae00000,0x00000000bb360658,0x00000000bc300000)
Event: 20.932 GC heap after
Heap after GC invocations=14 (full 2):
 PSYoungGen      total 218624K, used 50021K [0x00000000eaa80000, 0x00000000fcd00000, 0x0000000100000000)
  eden space 151040K, 0% used [0x00000000eaa80000,0x00000000eaa80000,0x00000000f3e00000)
  from space 67584K, 74% used [0x00000000f8380000,0x00000000fb459558,0x00000000fc580000)
  to   space 71168K, 0% used [0x00000000f3e00000,0x00000000f3e00000,0x00000000f8380000)
 ParOldGen       total 127488K, used 75315K [0x00000000c0000000, 0x00000000c7c80000, 0x00000000eaa80000)
  object space 127488K, 59% used [0x00000000c0000000,0x00000000c498cd50,0x00000000c7c80000)
 PSPermGen       total 21504K, used 5505K [0x00000000bae00000, 0x00000000bc300000, 0x00000000c0000000)
  object space 21504K, 25% used [0x00000000bae00000,0x00000000bb360658,0x00000000bc300000)
}

