# JRE version: Java(TM) SE Runtime Environment (7.0_75-b13) (build 1.7.0_75-b13)
# Java VM: Java HotSpot(TM) 64-Bit Server VM (24.75-b04 mixed mode windows-amd64 compressed oops)
Heap
 PSYoungGen      total 105984K, used 80155K [0x00000000eaa80000, 0x00000000f2780000, 0x0000000100000000)
  eden space 93184K, 72% used [0x00000000eaa80000,0x00000000eec48408,0x00000000f0580000)
  from space 12800K, 99% used [0x00000000f1500000,0x00000000f217e978,0x00000000f2180000)
  to   space 15872K, 0% used [0x00000000f0580000,0x00000000f0580000,0x00000000f1500000)
 ParOldGen       total 61952K, used 26002K [0x00000000c0000000, 0x00000000c3c80000, 0x00000000eaa80000)
  object space 61952K, 41% used [0x00000000c0000000,0x00000000c1964a08,0x00000000c3c80000)
 PSPermGen       total 21504K, used 5692K [0x00000000bae00000, 0x00000000bc300000, 0x00000000c0000000)
  object space 21504K, 26% used [0x00000000bae00000,0x00000000bb38f1d8,0x00000000bc300000)
GC Heap History (10 events):
Event: 6.167 GC heap before
{Heap before GC invocations=4 (full 0):
 PSYoungGen      total 27648K, used 27632K [0x00000000eaa80000, 0x00000000ec900000, 0x0000000100000000)
  eden space 24064K, 100% used [0x00000000eaa80000,0x00000000ec200000,0x00000000ec200000)
  from space 3584K, 99% used [0x00000000ec200000,0x00000000ec57c2e8,0x00000000ec580000)
  to   space 3584K, 0% used [0x00000000ec580000,0x00000000ec580000,0x00000000ec900000)
 ParOldGen       total 61952K, used 8030K [0x00000000c0000000, 0x00000000c3c80000, 0x00000000eaa80000)
  object space 61952K, 12% used [0x00000000c0000000,0x00000000c07d7b08,0x00000000c3c80000)
 PSPermGen       total 21504K, used 5566K [0x00000000bae00000, 0x00000000bc300000, 0x00000000c0000000)
  object space 21504K, 25% used [0x00000000bae00000,0x00000000bb36faf0,0x00000000bc300000)
Event: 6.191 GC heap after
Heap after GC invocations=4 (full 0):
 PSYoungGen      total 27648K, used 3555K [0x00000000eaa80000, 0x00000000ee080000, 0x0000000100000000)
  eden space 24064K, 0% used [0x00000000eaa80000,0x00000000eaa80000,0x00000000ec200000)
  from space 3584K, 99% used [0x00000000ec580000,0x00000000ec8f8f18,0x00000000ec900000)
  to   space 3584K, 0% used [0x00000000ec200000,0x00000000ec200000,0x00000000ec580000)
 ParOldGen       total 61952K, used 11949K [0x00000000c0000000, 0x00000000c3c80000, 0x00000000eaa80000)
  object space 61952K, 19% used [0x00000000c0000000,0x00000000c0bab498,0x00000000c3c80000)
 PSPermGen       total 21504K, used 5566K [0x00000000bae00000, 0x00000000bc300000, 0x00000000c0000000)
  object space 21504K, 25% used [0x00000000bae00000,0x00000000bb36faf0,0x00000000bc300000)
}
Event: 6.756 GC heap before
{Heap before GC invocations=5 (full 0):
 PSYoungGen      total 27648K, used 27619K [0x00000000eaa80000, 0x00000000ee080000, 0x0000000100000000)
  eden space 24064K, 100% used [0x00000000eaa80000,0x00000000ec200000,0x00000000ec200000)
  from space 3584K, 99% used [0x00000000ec580000,0x00000000ec8f8f18,0x00000000ec900000)
  to   space 3584K, 0% used [0x00000000ec200000,0x00000000ec200000,0x00000000ec580000)
 ParOldGen       total 61952K, used 11949K [0x00000000c0000000, 0x00000000c3c80000, 0x00000000eaa80000)
  object space 61952K, 19% used [0x00000000c0000000,0x00000000c0bab498,0x00000000c3c80000)
 PSPermGen       total 21504K, used 5579K [0x00000000bae00000, 0x00000000bc300000, 0x00000000c0000000)
  object space 21504K, 25% used [0x00000000bae00000,0x00000000bb372f78,0x00000000bc300000)
Event: 6.776 GC heap after
Heap after GC invocations=5 (full 0):
 PSYoungGen      total 27648K, used 3568K [0x00000000eaa80000, 0x00000000eeb80000, 0x0000000100000000)
  eden space 24064K, 0% used [0x00000000eaa80000,0x00000000eaa80000,0x00000000ec200000)
  from space 3584K, 99% used [0x00000000ec200000,0x00000000ec57c2d8,0x00000000ec580000)
  to   space 9216K, 0% used [0x00000000ee280000,0x00000000ee280000,0x00000000eeb80000)
 ParOldGen       total 61952K, used 16181K [0x00000000c0000000, 0x00000000c3c80000, 0x00000000eaa80000)
  object space 61952K, 26% used [0x00000000c0000000,0x00000000c0fcd6e8,0x00000000c3c80000)
 PSPermGen       total 21504K, used 5579K [0x00000000bae00000, 0x00000000bc300000, 0x00000000c0000000)
  object space 21504K, 25% used [0x00000000bae00000,0x00000000bb372f78,0x00000000bc300000)
}
Event: 7.170 GC heap before
{Heap before GC invocations=6 (full 0):
 PSYoungGen      total 27648K, used 27632K [0x00000000eaa80000, 0x00000000eeb80000, 0x0000000100000000)
  eden space 24064K, 100% used [0x00000000eaa80000,0x00000000ec200000,0x00000000ec200000)
  from space 3584K, 99% used [0x00000000ec200000,0x00000000ec57c2d8,0x00000000ec580000)
  to   space 9216K, 0% used [0x00000000ee280000,0x00000000ee280000,0x00000000eeb80000)
 ParOldGen       total 61952K, used 16181K [0x00000000c0000000, 0x00000000c3c80000, 0x00000000eaa80000)
  object space 61952K, 26% used [0x00000000c0000000,0x00000000c0fcd6e8,0x00000000c3c80000)
 PSPermGen       total 21504K, used 5610K [0x00000000bae00000, 0x00000000bc300000, 0x00000000c0000000)
  object space 21504K, 26% used [0x00000000bae00000,0x00000000bb37a828,0x00000000bc300000)
Event: 7.192 GC heap after
Heap after GC invocations=6 (full 0):
 PSYoungGen      total 57344K, used 7446K [0x00000000eaa80000, 0x00000000eeb80000, 0x0000000100000000)
  eden space 48128K, 0% used [0x00000000eaa80000,0x00000000eaa80000,0x00000000ed980000)
  from space 9216K, 80% used [0x00000000ee280000,0x00000000ee9c58f8,0x00000000eeb80000)
  to   space 9216K, 0% used [0x00000000ed980000,0x00000000ed980000,0x00000000ee280000)
 ParOldGen       total 61952K, used 16181K [0x00000000c0000000, 0x00000000c3c80000, 0x00000000eaa80000)
  object space 61952K, 26% used [0x00000000c0000000,0x00000000c0fcd6e8,0x00000000c3c80000)
 PSPermGen       total 21504K, used 5610K [0x00000000bae00000, 0x00000000bc300000, 0x00000000c0000000)
  object space 21504K, 26% used [0x00000000bae00000,0x00000000bb37a828,0x00000000bc300000)
}
Event: 8.393 GC heap before
{Heap before GC invocations=7 (full 0):
 PSYoungGen      total 57344K, used 55574K [0x00000000eaa80000, 0x00000000eeb80000, 0x0000000100000000)
  eden space 48128K, 100% used [0x00000000eaa80000,0x00000000ed980000,0x00000000ed980000)
  from space 9216K, 80% used [0x00000000ee280000,0x00000000ee9c58f8,0x00000000eeb80000)
  to   space 9216K, 0% used [0x00000000ed980000,0x00000000ed980000,0x00000000ee280000)
 ParOldGen       total 61952K, used 16181K [0x00000000c0000000, 0x00000000c3c80000, 0x00000000eaa80000)
  object space 61952K, 26% used [0x00000000c0000000,0x00000000c0fcd6e8,0x00000000c3c80000)
 PSPermGen       total 21504K, used 5632K [0x00000000bae00000, 0x00000000bc300000, 0x00000000c0000000)
  object space 21504K, 26% used [0x00000000bae00000,0x00000000bb380208,0x00000000bc300000)
Event: 8.433 GC heap after
Heap after GC invocations=7 (full 0):
 PSYoungGen      total 57344K, used 9202K [0x00000000eaa80000, 0x00000000f2180000, 0x0000000100000000)
  eden space 48128K, 0% used [0x00000000eaa80000,0x00000000eaa80000,0x00000000ed980000)
  from space 9216K, 99% used [0x00000000ed980000,0x00000000ee27c9b0,0x00000000ee280000)
  to   space 12800K, 0% used [0x00000000f1500000,0x00000000f1500000,0x00000000f2180000)
 ParOldGen       total 61952K, used 21945K [0x00000000c0000000, 0x00000000c3c80000, 0x00000000eaa80000)
  object space 61952K, 35% used [0x00000000c0000000,0x00000000c156e4f0,0x00000000c3c80000)
 PSPermGen       total 21504K, used 5632K [0x00000000bae00000, 0x00000000bc300000, 0x00000000c0000000)
  object space 21504K, 26% used [0x00000000bae00000,0x00000000bb380208,0x00000000bc300000)
}
Event: 9.382 GC heap before
{Heap before GC invocations=8 (full 0):
 PSYoungGen      total 57344K, used 57330K [0x00000000eaa80000, 0x00000000f2180000, 0x0000000100000000)
  eden space 48128K, 100% used [0x00000000eaa80000,0x00000000ed980000,0x00000000ed980000)
  from space 9216K, 99% used [0x00000000ed980000,0x00000000ee27c9b0,0x00000000ee280000)
  to   space 12800K, 0% used [0x00000000f1500000,0x00000000f1500000,0x00000000f2180000)
 ParOldGen       total 61952K, used 21945K [0x00000000c0000000, 0x00000000c3c80000, 0x00000000eaa80000)
  object space 61952K, 35% used [0x00000000c0000000,0x00000000c156e4f0,0x00000000c3c80000)
 PSPermGen       total 21504K, used 5644K [0x00000000bae00000, 0x00000000bc300000, 0x00000000c0000000)
  object space 21504K, 26% used [0x00000000bae00000,0x00000000bb383258,0x00000000bc300000)
Event: 9.476 GC heap after
Heap after GC invocations=8 (full 0):
 PSYoungGen      total 105984K, used 12794K [0x00000000eaa80000, 0x00000000f2780000, 0x0000000100000000)
  eden space 93184K, 0% used [0x00000000eaa80000,0x00000000eaa80000,0x00000000f0580000)
  from space 12800K, 99% used [0x00000000f1500000,0x00000000f217e978,0x00000000f2180000)
  to   space 15872K, 0% used [0x00000000f0580000,0x00000000f0580000,0x00000000f1500000)
 ParOldGen       total 61952K, used 26002K [0x00000000c0000000, 0x00000000c3c80000, 0x00000000eaa80000)
  object space 61952K, 41% used [0x00000000c0000000,0x00000000c1964a08,0x00000000c3c80000)
 PSPermGen       total 21504K, used 5644K [0x00000000bae00000, 0x00000000bc300000, 0x00000000c0000000)
  object space 21504K, 26% used [0x00000000bae00000,0x00000000bb383258,0x00000000bc300000)
}

